<?xml version="1.0" encoding="UTF-8" ?>
<testsuites disabled="0" errors="0" failures="0" tests="1" time="14.428">
 <testsuite name="CognitiveScale Page" timestamp="2018-12-23T17:18:17" hostname="localhost" time="14.428" errors="0" tests="1" skipped="0" disabled="0" failures="0">
  <testcase classname="CognitiveScale Page" name="Testing the Commission" time="5.209" />
 </testsuite>
</testsuites>