<?xml version="1.0" encoding="UTF-8" ?>
<testsuites disabled="0" errors="0" failures="1" tests="2" time="5.418">
 <testsuite name="Gitlogin Page testing" timestamp="2018-12-24T19:29:10" hostname="localhost" time="5.418" errors="0" tests="2" skipped="0" disabled="0" failures="1">
  <testcase classname="Gitlogin Page testing" name="Testing the Git login" time="3.507" />
  <testcase classname="Gitlogin Page testing" name="Testing the Git login" time="0.015">
   <failure type="exception" message="Failed: No element found using locator: By(css selector, [href=&quot;/login&quot;])"><![CDATA[NoSuchElementError: No element found using locator: By(css selector, [href="/login"])
    at elementArrayFinder.getWebElements.then (C:\Users\adolu\Desktop\Case-Study\UI_Protractor\node_modules\protractor\built\element.js:814:27)
    at ManagedPromise.invokeCallback_ (C:\Users\adolu\Desktop\Case-Study\UI_Protractor\node_modules\selenium-webdriver\lib\promise.js:1376:14)
    at TaskQueue.execute_ (C:\Users\adolu\Desktop\Case-Study\UI_Protractor\node_modules\selenium-webdriver\lib\promise.js:3084:14)
    at TaskQueue.executeNext_ (C:\Users\adolu\Desktop\Case-Study\UI_Protractor\node_modules\selenium-webdriver\lib\promise.js:3067:27)
    at asyncRun (C:\Users\adolu\Desktop\Case-Study\UI_Protractor\node_modules\selenium-webdriver\lib\promise.js:2927:27)
    at C:\Users\adolu\Desktop\Case-Study\UI_Protractor\node_modules\selenium-webdriver\lib\promise.js:668:7
    at <anonymous>
    at process._tickCallback (internal/process/next_tick.js:188:7)Error
    at ElementArrayFinder.applyAction_ (C:\Users\adolu\Desktop\Case-Study\UI_Protractor\node_modules\protractor\built\element.js:459:27)
    at ElementArrayFinder.(anonymous function).args [as click] (C:\Users\adolu\Desktop\Case-Study\UI_Protractor\node_modules\protractor\built\element.js:91:29)
    at ElementFinder.(anonymous function).args [as click] (C:\Users\adolu\Desktop\Case-Study\UI_Protractor\node_modules\protractor\built\element.js:831:22)
    at UserContext.<anonymous> (C:\Users\adolu\Desktop\Case-Study\UI_Protractor\specs\gitlogin_spec.js:21:38)
    at C:\Users\adolu\Desktop\Case-Study\UI_Protractor\node_modules\jasminewd2\index.js:112:25
    at new ManagedPromise (C:\Users\adolu\Desktop\Case-Study\UI_Protractor\node_modules\selenium-webdriver\lib\promise.js:1077:7)
    at ControlFlow.promise (C:\Users\adolu\Desktop\Case-Study\UI_Protractor\node_modules\selenium-webdriver\lib\promise.js:2505:12)
    at schedulerExecute (C:\Users\adolu\Desktop\Case-Study\UI_Protractor\node_modules\jasminewd2\index.js:95:18)
    at TaskQueue.execute_ (C:\Users\adolu\Desktop\Case-Study\UI_Protractor\node_modules\selenium-webdriver\lib\promise.js:3084:14)
    at TaskQueue.executeNext_ (C:\Users\adolu\Desktop\Case-Study\UI_Protractor\node_modules\selenium-webdriver\lib\promise.js:3067:27)
    at asyncRun (C:\Users\adolu\Desktop\Case-Study\UI_Protractor\node_modules\selenium-webdriver\lib\promise.js:2974:25)
    at C:\Users\adolu\Desktop\Case-Study\UI_Protractor\node_modules\selenium-webdriver\lib\promise.js:668:7
    at <anonymous>
    at process._tickCallback (internal/process/next_tick.js:188:7)
From: Task: Run it("Testing the Git login") in control flow
    at UserContext.<anonymous> (C:\Users\adolu\Desktop\Case-Study\UI_Protractor\node_modules\jasminewd2\index.js:94:19)
    at attempt (C:\Users\adolu\Desktop\Case-Study\UI_Protractor\node_modules\protractor\node_modules\jasmine-core\lib\jasmine-core\jasmine.js:4297:26)
    at QueueRunner.run (C:\Users\adolu\Desktop\Case-Study\UI_Protractor\node_modules\protractor\node_modules\jasmine-core\lib\jasmine-core\jasmine.js:4217:20)
    at QueueRunner.execute (C:\Users\adolu\Desktop\Case-Study\UI_Protractor\node_modules\protractor\node_modules\jasmine-core\lib\jasmine-core\jasmine.js:4199:10)
    at Spec.queueRunnerFactory (C:\Users\adolu\Desktop\Case-Study\UI_Protractor\node_modules\protractor\node_modules\jasmine-core\lib\jasmine-core\jasmine.js:909:35)
    at Spec.execute (C:\Users\adolu\Desktop\Case-Study\UI_Protractor\node_modules\protractor\node_modules\jasmine-core\lib\jasmine-core\jasmine.js:526:10)
    at UserContext.fn (C:\Users\adolu\Desktop\Case-Study\UI_Protractor\node_modules\protractor\node_modules\jasmine-core\lib\jasmine-core\jasmine.js:5340:37)
    at attempt (C:\Users\adolu\Desktop\Case-Study\UI_Protractor\node_modules\protractor\node_modules\jasmine-core\lib\jasmine-core\jasmine.js:4297:26)
    at QueueRunner.run (C:\Users\adolu\Desktop\Case-Study\UI_Protractor\node_modules\protractor\node_modules\jasmine-core\lib\jasmine-core\jasmine.js:4217:20)
    at runNext (C:\Users\adolu\Desktop\Case-Study\UI_Protractor\node_modules\protractor\node_modules\jasmine-core\lib\jasmine-core\jasmine.js:4257:20)
    at C:\Users\adolu\Desktop\Case-Study\UI_Protractor\node_modules\protractor\node_modules\jasmine-core\lib\jasmine-core\jasmine.js:4264:13
    at C:\Users\adolu\Desktop\Case-Study\UI_Protractor\node_modules\protractor\node_modules\jasmine-core\lib\jasmine-core\jasmine.js:4172:9
    at QueueRunner.complete [as onComplete] (C:\Users\adolu\Desktop\Case-Study\UI_Protractor\node_modules\protractor\node_modules\jasmine-core\lib\jasmine-core\jasmine.js:533:9)
    at Immediate._onImmediate (C:\Users\adolu\Desktop\Case-Study\UI_Protractor\node_modules\protractor\node_modules\jasmine-core\lib\jasmine-core\jasmine.js:4231:12)
    at runCallback (timers.js:789:20)
    at tryOnImmediate (timers.js:751:5)
    at processImmediate [as _immediateCallback] (timers.js:722:5)
From asynchronous test: 
Error
    at Suite.<anonymous> (C:\Users\adolu\Desktop\Case-Study\UI_Protractor\specs\gitlogin_spec.js:19:5)
    at addSpecsToSuite (C:\Users\adolu\Desktop\Case-Study\UI_Protractor\node_modules\protractor\node_modules\jasmine-core\lib\jasmine-core\jasmine.js:1107:25)
    at Env.describe (C:\Users\adolu\Desktop\Case-Study\UI_Protractor\node_modules\protractor\node_modules\jasmine-core\lib\jasmine-core\jasmine.js:1074:7)
    at describe (C:\Users\adolu\Desktop\Case-Study\UI_Protractor\node_modules\protractor\node_modules\jasmine-core\lib\jasmine-core\jasmine.js:4399:18)
    at Object.<anonymous> (C:\Users\adolu\Desktop\Case-Study\UI_Protractor\specs\gitlogin_spec.js:5:1)
    at Module._compile (module.js:635:30)
    at Object.Module._extensions..js (module.js:646:10)
    at Module.load (C:\Users\adolu\Desktop\Case-Study\UI_Protractor\node_modules\coffeescript\lib\coffee-script\register.js:45:36)
    at tryModuleLoad (module.js:497:12)
    at Function.Module._load (module.js:489:3)
    at Module.require (module.js:579:17)
    at require (internal/module.js:11:18)
    at C:\Users\adolu\Desktop\Case-Study\UI_Protractor\node_modules\protractor\node_modules\jasmine\lib\jasmine.js:93:5
    at Array.forEach (<anonymous>)
    at Jasmine.loadSpecs (C:\Users\adolu\Desktop\Case-Study\UI_Protractor\node_modules\protractor\node_modules\jasmine\lib\jasmine.js:92:18)
    at Jasmine.execute (C:\Users\adolu\Desktop\Case-Study\UI_Protractor\node_modules\protractor\node_modules\jasmine\lib\jasmine.js:197:8)
    at C:\Users\adolu\Desktop\Case-Study\UI_Protractor\node_modules\protractor\built\frameworks\jasmine.js:132:15
    at Function.promise (C:\Users\adolu\Desktop\Case-Study\UI_Protractor\node_modules\q\q.js:682:9)
    at C:\Users\adolu\Desktop\Case-Study\UI_Protractor\node_modules\protractor\built\frameworks\jasmine.js:104:14
    at _fulfilled (C:\Users\adolu\Desktop\Case-Study\UI_Protractor\node_modules\q\q.js:834:54)
    at self.promiseDispatch.done (C:\Users\adolu\Desktop\Case-Study\UI_Protractor\node_modules\q\q.js:863:30)
    at Promise.promise.promiseDispatch (C:\Users\adolu\Desktop\Case-Study\UI_Protractor\node_modules\q\q.js:796:13)
    at C:\Users\adolu\Desktop\Case-Study\UI_Protractor\node_modules\q\q.js:556:49
    at runSingle (C:\Users\adolu\Desktop\Case-Study\UI_Protractor\node_modules\q\q.js:137:13)
    at flush (C:\Users\adolu\Desktop\Case-Study\UI_Protractor\node_modules\q\q.js:125:13)
    at _combinedTickCallback (internal/process/next_tick.js:131:7)
    at process._tickCallback (internal/process/next_tick.js:180:9)]]>
   </failure>
  </testcase>
 </testsuite>
</testsuites>