<?xml version="1.0" encoding="UTF-8" ?>
<testsuites disabled="0" errors="0" failures="0" tests="7" time="20.302">
 <testsuite name="Gitlogin Page testing" timestamp="2018-12-25T13:38:07" hostname="localhost" time="20.302" errors="0" tests="7" skipped="0" disabled="0" failures="0">
  <testcase classname="Gitlogin Page testing" name="Testing the sign in button" time="1.108" />
  <testcase classname="Gitlogin Page testing" name="Testing the login without username and password" time="0.863" />
  <testcase classname="Gitlogin Page testing" name="Testing login with username and  without password" time="1.01" />
  <testcase classname="Gitlogin Page testing" name="Testing login without username and  with password" time="1.008" />
  <testcase classname="Gitlogin Page testing" name="Testing the forgot password" time="2.672" />
  <testcase classname="Gitlogin Page testing" name="Testing the creation of new account" time="4.495" />
  <testcase classname="Gitlogin Page testing" name="Testing the Git login" time="2.702" />
 </testsuite>
</testsuites>